<?xml version="1.0" encoding="UTF-8"?>
<testsuite xmlns:xsi="http://www.w3.org/2001/XMLSchema-instance" xsi:noNamespaceSchemaLocation="https://maven.apache.org/surefire/maven-surefire-plugin/xsd/surefire-test-report.xsd" name="ie.tcd.mcardleg.AppTest" time="0.08" tests="1" errors="0" skipped="0" failures="0">
  <properties>
    <property name="java.specification.version" value="15"/>
    <property name="sun.cpu.isalist" value="amd64"/>
    <property name="sun.jnu.encoding" value="Cp1252"/>
    <property name="java.class.path" value="C:\Users\gwenm\Documents\9 MAI Michealmas\Info Retrieval\SearchEngine\App\target\test-classes;C:\Users\gwenm\Documents\9 MAI Michealmas\Info Retrieval\SearchEngine\App\target\classes;C:\Users\gwenm\.m2\repository\org\apache\lucene\lucene-core\8.6.3\lucene-core-8.6.3.jar;C:\Users\gwenm\.m2\repository\org\apache\lucene\lucene-queryparser\8.4.1\lucene-queryparser-8.4.1.jar;C:\Users\gwenm\.m2\repository\org\apache\lucene\lucene-queries\8.4.1\lucene-queries-8.4.1.jar;C:\Users\gwenm\.m2\repository\org\apache\lucene\lucene-sandbox\8.4.1\lucene-sandbox-8.4.1.jar;C:\Users\gwenm\.m2\repository\junit\junit\4.11\junit-4.11.jar;C:\Users\gwenm\.m2\repository\org\hamcrest\hamcrest-core\1.3\hamcrest-core-1.3.jar;"/>
    <property name="java.vm.vendor" value="Oracle Corporation"/>
    <property name="sun.arch.data.model" value="64"/>
    <property name="user.variant" value=""/>
    <property name="java.vendor.url" value="https://java.oracle.com/"/>
    <property name="user.timezone" value="Europe/Dublin"/>
    <property name="os.name" value="Windows 10"/>
    <property name="java.vm.specification.version" value="15"/>
    <property name="sun.java.launcher" value="SUN_STANDARD"/>
    <property name="user.country" value="IE"/>
    <property name="sun.boot.library.path" value="C:\Program Files\Java\jdk-15.0.2\bin"/>
    <property name="sun.java.command" value="C:\Users\gwenm\AppData\Local\Temp\surefire17076869521168742318\surefirebooter9218548624685462050.jar C:\Users\gwenm\AppData\Local\Temp\surefire17076869521168742318 2022-10-19T22-54-03_257-jvmRun1 surefire14288734358892480569tmp surefire_04793944649206076291tmp"/>
    <property name="jdk.debug" value="release"/>
    <property name="surefire.test.class.path" value="C:\Users\gwenm\Documents\9 MAI Michealmas\Info Retrieval\SearchEngine\App\target\test-classes;C:\Users\gwenm\Documents\9 MAI Michealmas\Info Retrieval\SearchEngine\App\target\classes;C:\Users\gwenm\.m2\repository\org\apache\lucene\lucene-core\8.6.3\lucene-core-8.6.3.jar;C:\Users\gwenm\.m2\repository\org\apache\lucene\lucene-queryparser\8.4.1\lucene-queryparser-8.4.1.jar;C:\Users\gwenm\.m2\repository\org\apache\lucene\lucene-queries\8.4.1\lucene-queries-8.4.1.jar;C:\Users\gwenm\.m2\repository\org\apache\lucene\lucene-sandbox\8.4.1\lucene-sandbox-8.4.1.jar;C:\Users\gwenm\.m2\repository\junit\junit\4.11\junit-4.11.jar;C:\Users\gwenm\.m2\repository\org\hamcrest\hamcrest-core\1.3\hamcrest-core-1.3.jar;"/>
    <property name="sun.cpu.endian" value="little"/>
    <property name="user.home" value="C:\Users\gwenm"/>
    <property name="user.language" value="en"/>
    <property name="java.specification.vendor" value="Oracle Corporation"/>
    <property name="java.version.date" value="2021-01-19"/>
    <property name="java.home" value="C:\Program Files\Java\jdk-15.0.2"/>
    <property name="file.separator" value="\"/>
    <property name="basedir" value="C:\Users\gwenm\Documents\9 MAI Michealmas\Info Retrieval\SearchEngine\App"/>
    <property name="java.vm.compressedOopsMode" value="Zero based"/>
    <property name="line.separator" value="&#10;"/>
    <property name="java.vm.specification.vendor" value="Oracle Corporation"/>
    <property name="java.specification.name" value="Java Platform API Specification"/>
    <property name="surefire.real.class.path" value="C:\Users\gwenm\AppData\Local\Temp\surefire17076869521168742318\surefirebooter9218548624685462050.jar"/>
    <property name="user.script" value=""/>
    <property name="sun.management.compiler" value="HotSpot 64-Bit Tiered Compilers"/>
    <property name="java.runtime.version" value="15.0.2+7-27"/>
    <property name="user.name" value="Gwen McArdle"/>
    <property name="path.separator" value=";"/>
    <property name="os.version" value="10.0"/>
    <property name="java.runtime.name" value="Java(TM) SE Runtime Environment"/>
    <property name="file.encoding" value="Cp1252"/>
    <property name="java.vm.name" value="Java HotSpot(TM) 64-Bit Server VM"/>
    <property name="localRepository" value="C:\Users\gwenm\.m2\repository"/>
    <property name="java.vendor.url.bug" value="https://bugreport.java.com/bugreport/"/>
    <property name="java.io.tmpdir" value="C:\Users\gwenm\AppData\Local\Temp\"/>
    <property name="java.version" value="15.0.2"/>
    <property name="user.dir" value="C:\Users\gwenm\Documents\9 MAI Michealmas\Info Retrieval\SearchEngine\App"/>
    <property name="os.arch" value="amd64"/>
    <property name="java.vm.specification.name" value="Java Virtual Machine Specification"/>
    <property name="sun.os.patch.level" value=""/>
    <property name="java.library.path" value="C:\Program Files\Java\jdk-15.0.2\bin;C:\WINDOWS\Sun\Java\bin;C:\WINDOWS\system32;C:\WINDOWS;C:\Python39\Scripts\;C:\Python39\;C:\Program Files (x86)\VMware\VMware Player\bin\;C:\Program Files\Common Files\Oracle\Java\javapath;C:\Program Files (x86)\Intel\Intel(R) Management Engine Components\iCLS\;C:\Program Files\Intel\Intel(R) Management Engine Components\iCLS\;C:\windows\system32;C:\windows;C:\windows\System32\Wbem;C:\windows\System32\WindowsPowerShell\v1.0\;C:\windows\System32\OpenSSH\;C:\Program Files (x86)\Intel\Intel(R) Management Engine Components\DAL;C:\Program Files\Intel\Intel(R) Management Engine Components\DAL;C:\Program Files (x86)\Intel\Intel(R) Management Engine Components\IPT;C:\Program Files\Intel\Intel(R) Management Engine Components\IPT;C:\Program Files (x86)\NVIDIA Corporation\PhysX\Common;C:\Program Files\Intel\WiFi\bin\;C:\Program Files\Common Files\Intel\WirelessCommon\;C:\WINDOWS\system32;C:\WINDOWS;C:\WINDOWS\System32\Wbem;C:\WINDOWS\System32\WindowsPowerShell\v1.0\;C:\WINDOWS\System32\OpenSSH\;C:\Program Files\MATLAB\R2019b\bin;C:\MinGW\bin;C:\Program Files (x86)\PuTTY\;C:\Program Files\mingw-w64\x86_64-8.1.0-posix-seh-rt_v6-;C:\Program Files\Git\cmd;C:\Program Files\nodejs\;C:\ProgramData\chocolatey\bin;C:\Program Files\Amazon\AWSCLIV2\;C:\ProgramData\chocolatey\lib\maven\apache-maven-3.8.6\bin;C:\Users\gwenm\AppData\Local\Programs\Python\Python310\Scripts\;C:\Users\gwenm\AppData\Local\Programs\Python\Python310\;C:\Users\gwenm\AppData\Local\Programs\Python\Python38-32\Scripts\;C:\Users\gwenm\AppData\Local\Programs\Python\Python38-32\;C:\Program Files\MySQL\MySQL Shell 8.0\bin\;C:\Users\gwenm\AppData\Local\Microsoft\WindowsApps;C:\Program Files\mingw-w64\x86_64-8.1.0-posix-seh-rt_v6-rev0;C:\Users\gwenm\AppData\Local\Programs\Microsoft VS Code\bin;C:\Users\gwenm\AppData\Local\GitHubDesktop\bin;;C:\Program Files\JetBrains\PyCharm Community Edition 2022.2.2\bin;;C:\Users\gwenm\AppData\Roaming\npm;."/>
    <property name="java.vm.info" value="mixed mode, sharing"/>
    <property name="java.vendor" value="Oracle Corporation"/>
    <property name="java.vm.version" value="15.0.2+7-27"/>
    <property name="sun.io.unicode.encoding" value="UnicodeLittle"/>
    <property name="java.class.version" value="59.0"/>
  </properties>
  <testcase name="shouldAnswerWithTrue" classname="ie.tcd.mcardleg.AppTest" time="0.001"/>
</testsuite>